cl : command line  warning D9025: overriding '/MTd' with '/MDd'
  SpriteRenderer.cpp
  Animation.cpp
  AnimationFrame.cpp
  AnimationPlayer.cpp
  Application.cpp
  FileManager.cpp
  Renderer.cpp
C:\Users\Ryhan Khan\Downloads\GitHub\OpenGL-Engine\OpenGL\OrbiterCore\src\Core\Renderer.cpp(121,44): warning C4244: 'argument': conversion from 'int' to 'float', possible loss of data
C:\Users\Ryhan Khan\Downloads\GitHub\OpenGL-Engine\OpenGL\OrbiterCore\src\Core\Renderer.cpp(127,35): warning C4267: 'argument': conversion from 'size_t' to 'unsigned int', possible loss of data
C:\Users\Ryhan Khan\Downloads\GitHub\OpenGL-Engine\OpenGL\OrbiterCore\src\Core\Renderer.cpp(223,20): warning C4018: '<': signed/unsigned mismatch
C:\Program Files\Microsoft Visual Studio\2022\Community\VC\Tools\MSVC\14.42.34433\include\memory(3597,56): warning C4267: 'argument': conversion from 'size_t' to 'unsigned int', possible loss of data
  (compiling source file 'src/Core/Renderer.cpp')
      C:\Program Files\Microsoft Visual Studio\2022\Community\VC\Tools\MSVC\14.42.34433\include\memory(3597,56):
      the template instantiation context (the oldest one first) is
          C:\Users\Ryhan Khan\Downloads\GitHub\OpenGL-Engine\OpenGL\OrbiterCore\src\Core\Renderer.cpp(60,14):
          see reference to function template instantiation 'std::unique_ptr<IndexBuffer,std::default_delete<IndexBuffer>> std::make_unique<IndexBuffer,size_t,0>(size_t &&)' being compiled
  
  Character.cpp
  FrameBuffer.cpp
C:\Users\Ryhan Khan\Downloads\GitHub\OpenGL-Engine\OpenGL\OrbiterCore\src\Rendering\FrameBuffer.cpp(83,16): warning C4244: '=': conversion from 'T' to 'int', possible loss of data
C:\Users\Ryhan Khan\Downloads\GitHub\OpenGL-Engine\OpenGL\OrbiterCore\src\Rendering\FrameBuffer.cpp(83,16): warning C4244:         with
C:\Users\Ryhan Khan\Downloads\GitHub\OpenGL-Engine\OpenGL\OrbiterCore\src\Rendering\FrameBuffer.cpp(83,16): warning C4244:         [
C:\Users\Ryhan Khan\Downloads\GitHub\OpenGL-Engine\OpenGL\OrbiterCore\src\Rendering\FrameBuffer.cpp(83,16): warning C4244:             T=float
C:\Users\Ryhan Khan\Downloads\GitHub\OpenGL-Engine\OpenGL\OrbiterCore\src\Rendering\FrameBuffer.cpp(83,16): warning C4244:         ]
C:\Users\Ryhan Khan\Downloads\GitHub\OpenGL-Engine\OpenGL\OrbiterCore\src\Rendering\FrameBuffer.cpp(84,17): warning C4244: '=': conversion from 'T' to 'int', possible loss of data
C:\Users\Ryhan Khan\Downloads\GitHub\OpenGL-Engine\OpenGL\OrbiterCore\src\Rendering\FrameBuffer.cpp(84,17): warning C4244:         with
C:\Users\Ryhan Khan\Downloads\GitHub\OpenGL-Engine\OpenGL\OrbiterCore\src\Rendering\FrameBuffer.cpp(84,17): warning C4244:         [
C:\Users\Ryhan Khan\Downloads\GitHub\OpenGL-Engine\OpenGL\OrbiterCore\src\Rendering\FrameBuffer.cpp(84,17): warning C4244:             T=float
C:\Users\Ryhan Khan\Downloads\GitHub\OpenGL-Engine\OpenGL\OrbiterCore\src\Rendering\FrameBuffer.cpp(84,17): warning C4244:         ]
  IndexBuffer.cpp
  Shader.cpp
  Texture.cpp
  VertexArray.cpp
C:\Users\Ryhan Khan\Downloads\GitHub\OpenGL-Engine\OpenGL\OrbiterCore\src\Rendering\VertexArray.cpp(42,3): warning C4312: 'type cast': conversion from 'unsigned int' to 'const void *' of greater size
  VertexBuffer.cpp
  TestClearColour.cpp
  TestTexture2D.cpp
  Generating Code...
C:\Users\Ryhan Khan\Downloads\GitHub\OpenGL-Engine\OpenGL\OrbiterCore\src\Core\Animation.cpp(24,1): warning C4715: 'Animation::Start': not all control paths return a value
Gdi32.lib(GDI32.dll) : warning LNK4006: __NULL_IMPORT_DESCRIPTOR already defined in opengl32.lib(OPENGL32.dll); second definition ignored
User32.lib(USER32.dll) : warning LNK4006: __NULL_IMPORT_DESCRIPTOR already defined in opengl32.lib(OPENGL32.dll); second definition ignored
Shell32.lib(SHELL32.dll) : warning LNK4006: __NULL_IMPORT_DESCRIPTOR already defined in opengl32.lib(OPENGL32.dll); second definition ignored
hello.obj : warning LNK4006: main already defined in hello_wchar_t.obj; second definition ignored
  OrbiterCore.vcxproj -> C:\Users\Ryhan Khan\Downloads\GitHub\OpenGL-Engine\OpenGL\bin\Debug-windows-x86_64\OrbiterCore\OrbiterCore.lib
