c:\users\ryhan khan\downloads\github\opengl-engine\opengl\bin-int\debug-windows-x86_64\orbitercore\vc143.pdb
c:\users\ryhan khan\downloads\github\opengl-engine\opengl\bin-int\debug-windows-x86_64\orbitercore\vc143.idb
c:\users\ryhan khan\downloads\github\opengl-engine\opengl\bin-int\debug-windows-x86_64\orbitercore\tinycthread.obj
c:\users\ryhan khan\downloads\github\opengl-engine\opengl\bin-int\debug-windows-x86_64\orbitercore\getopt.obj
c:\users\ryhan khan\downloads\github\opengl-engine\opengl\bin\debug-windows-x86_64\orbitercore\orbitercore.pdb
c:\users\ryhan khan\downloads\github\opengl-engine\opengl\bin\debug-windows-x86_64\orbitercore\orbitercore.idb
c:\users\ryhan khan\downloads\github\opengl-engine\opengl\bin-int\debug-windows-x86_64\orbitercore\winmm.obj
c:\users\ryhan khan\downloads\github\opengl-engine\opengl\bin-int\debug-windows-x86_64\orbitercore\wave.obj
c:\users\ryhan khan\downloads\github\opengl-engine\opengl\bin-int\debug-windows-x86_64\orbitercore\wasapi.obj
c:\users\ryhan khan\downloads\github\opengl-engine\opengl\bin-int\debug-windows-x86_64\orbitercore\null.obj
c:\users\ryhan khan\downloads\github\opengl-engine\opengl\bin-int\debug-windows-x86_64\orbitercore\loopback.obj
c:\users\ryhan khan\downloads\github\opengl-engine\opengl\bin-int\debug-windows-x86_64\orbitercore\dsound.obj
c:\users\ryhan khan\downloads\github\opengl-engine\opengl\bin-int\debug-windows-x86_64\orbitercore\base.obj
c:\users\ryhan khan\downloads\github\opengl-engine\opengl\bin-int\debug-windows-x86_64\orbitercore\ambdec.obj
c:\users\ryhan khan\downloads\github\opengl-engine\opengl\bin-int\debug-windows-x86_64\orbitercore\alu.obj
c:\users\ryhan khan\downloads\github\opengl-engine\opengl\bin-int\debug-windows-x86_64\orbitercore\alconfig.obj
c:\users\ryhan khan\downloads\github\opengl-engine\opengl\bin-int\debug-windows-x86_64\orbitercore\state.obj
c:\users\ryhan khan\downloads\github\opengl-engine\opengl\bin-int\debug-windows-x86_64\orbitercore\listener.obj
c:\users\ryhan khan\downloads\github\opengl-engine\opengl\bin-int\debug-windows-x86_64\orbitercore\filter.obj
c:\users\ryhan khan\downloads\github\opengl-engine\opengl\bin-int\debug-windows-x86_64\orbitercore\extension.obj
c:\users\ryhan khan\downloads\github\opengl-engine\opengl\bin-int\debug-windows-x86_64\orbitercore\event.obj
c:\users\ryhan khan\downloads\github\opengl-engine\opengl\bin-int\debug-windows-x86_64\orbitercore\error.obj
c:\users\ryhan khan\downloads\github\opengl-engine\opengl\bin-int\debug-windows-x86_64\orbitercore\effect.obj
c:\users\ryhan khan\downloads\github\opengl-engine\opengl\bin-int\debug-windows-x86_64\orbitercore\fpu_ctrl.obj
c:\users\ryhan khan\downloads\github\opengl-engine\opengl\bin-int\debug-windows-x86_64\orbitercore\splitter.obj
c:\users\ryhan khan\downloads\github\opengl-engine\opengl\bin-int\debug-windows-x86_64\orbitercore\nfc.obj
c:\users\ryhan khan\downloads\github\opengl-engine\opengl\bin-int\debug-windows-x86_64\orbitercore\biquad.obj
c:\users\ryhan khan\downloads\github\opengl-engine\opengl\bin-int\debug-windows-x86_64\orbitercore\vmorpher.obj
c:\users\ryhan khan\downloads\github\opengl-engine\opengl\bin-int\debug-windows-x86_64\orbitercore\reverb.obj
c:\users\ryhan khan\downloads\github\opengl-engine\opengl\bin-int\debug-windows-x86_64\orbitercore\pshifter.obj
c:\users\ryhan khan\downloads\github\opengl-engine\opengl\bin-int\debug-windows-x86_64\orbitercore\modulator.obj
c:\users\ryhan khan\downloads\github\opengl-engine\opengl\bin-int\debug-windows-x86_64\orbitercore\fshifter.obj
c:\users\ryhan khan\downloads\github\opengl-engine\opengl\bin-int\debug-windows-x86_64\orbitercore\equalizer.obj
c:\users\ryhan khan\downloads\github\opengl-engine\opengl\bin-int\debug-windows-x86_64\orbitercore\echo.obj
c:\users\ryhan khan\downloads\github\opengl-engine\opengl\bin-int\debug-windows-x86_64\orbitercore\distortion.obj
c:\users\ryhan khan\downloads\github\opengl-engine\opengl\bin-int\debug-windows-x86_64\orbitercore\dedicated.obj
c:\users\ryhan khan\downloads\github\opengl-engine\opengl\bin-int\debug-windows-x86_64\orbitercore\compressor.obj
c:\users\ryhan khan\downloads\github\opengl-engine\opengl\bin-int\debug-windows-x86_64\orbitercore\chorus.obj
c:\users\ryhan khan\downloads\github\opengl-engine\opengl\bin-int\debug-windows-x86_64\orbitercore\autowah.obj
c:\users\ryhan khan\downloads\github\opengl-engine\opengl\bin-int\debug-windows-x86_64\orbitercore\cpu_caps.obj
c:\users\ryhan khan\downloads\github\opengl-engine\opengl\bin-int\debug-windows-x86_64\orbitercore\converter.obj
c:\users\ryhan khan\downloads\github\opengl-engine\opengl\bin-int\debug-windows-x86_64\orbitercore\bs2b.obj
c:\users\ryhan khan\downloads\github\opengl-engine\opengl\bin-int\debug-windows-x86_64\orbitercore\bformatdec.obj
c:\users\ryhan khan\downloads\github\opengl-engine\opengl\bin-int\debug-windows-x86_64\orbitercore\bsinc_tables.obj
c:\users\ryhan khan\downloads\github\opengl-engine\opengl\bin-int\debug-windows-x86_64\orbitercore\alstring.obj
c:\users\ryhan khan\downloads\github\opengl-engine\opengl\bin-int\debug-windows-x86_64\orbitercore\almalloc.obj
c:\users\ryhan khan\downloads\github\opengl-engine\opengl\bin-int\debug-windows-x86_64\orbitercore\alfstream.obj
c:\users\ryhan khan\downloads\github\opengl-engine\opengl\bin-int\debug-windows-x86_64\orbitercore\alexcpt.obj
c:\users\ryhan khan\downloads\github\opengl-engine\opengl\bin-int\debug-windows-x86_64\orbitercore\alcomplex.obj
c:\users\ryhan khan\downloads\github\opengl-engine\opengl\bin-int\debug-windows-x86_64\orbitercore\voice.obj
c:\users\ryhan khan\downloads\github\opengl-engine\opengl\bin-int\debug-windows-x86_64\orbitercore\uiddefs.obj
c:\users\ryhan khan\downloads\github\opengl-engine\opengl\bin-int\debug-windows-x86_64\orbitercore\uhjfilter.obj
c:\users\ryhan khan\downloads\github\opengl-engine\opengl\bin-int\debug-windows-x86_64\orbitercore\ringbuffer.obj
c:\users\ryhan khan\downloads\github\opengl-engine\opengl\bin-int\debug-windows-x86_64\orbitercore\panning.obj
c:\users\ryhan khan\downloads\github\opengl-engine\opengl\bin-int\debug-windows-x86_64\orbitercore\mixer_sse41.obj
c:\users\ryhan khan\downloads\github\opengl-engine\opengl\bin-int\debug-windows-x86_64\orbitercore\mixer_sse3.obj
c:\users\ryhan khan\downloads\github\opengl-engine\opengl\bin-int\debug-windows-x86_64\orbitercore\mixer_sse2.obj
c:\users\ryhan khan\downloads\github\opengl-engine\opengl\bin-int\debug-windows-x86_64\orbitercore\mixer_sse.obj
c:\users\ryhan khan\downloads\github\opengl-engine\opengl\bin-int\debug-windows-x86_64\orbitercore\mixer_c.obj
c:\users\ryhan khan\downloads\github\opengl-engine\opengl\bin-int\debug-windows-x86_64\orbitercore\mastering.obj
c:\users\ryhan khan\downloads\github\opengl-engine\opengl\bin-int\debug-windows-x86_64\orbitercore\hrtf.obj
c:\users\ryhan khan\downloads\github\opengl-engine\opengl\bin-int\debug-windows-x86_64\orbitercore\helpers.obj
c:\users\ryhan khan\downloads\github\opengl-engine\opengl\bin-int\debug-windows-x86_64\orbitercore\threads.obj
c:\users\ryhan khan\downloads\github\opengl-engine\opengl\bin-int\debug-windows-x86_64\orbitercore\strutils.obj
c:\users\ryhan khan\downloads\github\opengl-engine\opengl\bin-int\debug-windows-x86_64\orbitercore\polyphase_resampler.obj
c:\users\ryhan khan\downloads\github\opengl-engine\opengl\bin-int\debug-windows-x86_64\orbitercore\dynload.obj
c:\users\ryhan khan\downloads\github\opengl-engine\opengl\bin-int\debug-windows-x86_64\orbitercore\source.obj
c:\users\ryhan khan\downloads\github\opengl-engine\opengl\bin-int\debug-windows-x86_64\orbitercore\glm.obj
c:\users\ryhan khan\downloads\github\opengl-engine\opengl\bin-int\debug-windows-x86_64\orbitercore\stb_image.obj
c:\users\ryhan khan\downloads\github\opengl-engine\opengl\bin-int\debug-windows-x86_64\orbitercore\imgui_widgets.obj
c:\users\ryhan khan\downloads\github\opengl-engine\opengl\bin-int\debug-windows-x86_64\orbitercore\imgui_tables.obj
c:\users\ryhan khan\downloads\github\opengl-engine\opengl\bin-int\debug-windows-x86_64\orbitercore\imgui_stdlib.obj
c:\users\ryhan khan\downloads\github\opengl-engine\opengl\bin-int\debug-windows-x86_64\orbitercore\imgui_impl_opengl3.obj
c:\users\ryhan khan\downloads\github\opengl-engine\opengl\bin-int\debug-windows-x86_64\orbitercore\imgui_impl_glfw.obj
c:\users\ryhan khan\downloads\github\opengl-engine\opengl\bin-int\debug-windows-x86_64\orbitercore\imgui_draw.obj
c:\users\ryhan khan\downloads\github\opengl-engine\opengl\bin-int\debug-windows-x86_64\orbitercore\imgui_demo.obj
c:\users\ryhan khan\downloads\github\opengl-engine\opengl\bin-int\debug-windows-x86_64\orbitercore\imgui.obj
c:\users\ryhan khan\downloads\github\opengl-engine\opengl\bin-int\debug-windows-x86_64\orbitercore\testtexture2d.obj
c:\users\ryhan khan\downloads\github\opengl-engine\opengl\bin-int\debug-windows-x86_64\orbitercore\input.obj
c:\users\ryhan khan\downloads\github\opengl-engine\opengl\bin-int\debug-windows-x86_64\orbitercore\application.obj
c:\users\ryhan khan\downloads\github\opengl-engine\opengl\bin-int\debug-windows-x86_64\orbitercore\audiosource.obj
c:\users\ryhan khan\downloads\github\opengl-engine\opengl\bin-int\debug-windows-x86_64\orbitercore\audiomanager.obj
c:\users\ryhan khan\downloads\github\opengl-engine\opengl\bin-int\debug-windows-x86_64\orbitercore\debug.obj
c:\users\ryhan khan\downloads\github\opengl-engine\opengl\bin-int\debug-windows-x86_64\orbitercore\audiobuffer.obj
c:\users\ryhan khan\downloads\github\opengl-engine\opengl\bin-int\debug-windows-x86_64\orbitercore\character.obj
c:\users\ryhan khan\downloads\github\opengl-engine\opengl\bin-int\debug-windows-x86_64\orbitercore\filemanager.obj
c:\users\ryhan khan\downloads\github\opengl-engine\opengl\bin-int\debug-windows-x86_64\orbitercore\nfd_common.obj
c:\users\ryhan khan\downloads\github\opengl-engine\opengl\bin-int\debug-windows-x86_64\orbitercore\testclearcolour.obj
c:\users\ryhan khan\downloads\github\opengl-engine\opengl\bin-int\debug-windows-x86_64\orbitercore\vertexbuffer.obj
c:\users\ryhan khan\downloads\github\opengl-engine\opengl\bin-int\debug-windows-x86_64\orbitercore\vertexarray.obj
c:\users\ryhan khan\downloads\github\opengl-engine\opengl\bin-int\debug-windows-x86_64\orbitercore\texture.obj
c:\users\ryhan khan\downloads\github\opengl-engine\opengl\bin-int\debug-windows-x86_64\orbitercore\shader.obj
c:\users\ryhan khan\downloads\github\opengl-engine\opengl\bin-int\debug-windows-x86_64\orbitercore\indexbuffer.obj
c:\users\ryhan khan\downloads\github\opengl-engine\opengl\bin-int\debug-windows-x86_64\orbitercore\framebuffer.obj
c:\users\ryhan khan\downloads\github\opengl-engine\opengl\bin-int\debug-windows-x86_64\orbitercore\camera2d.obj
c:\users\ryhan khan\downloads\github\opengl-engine\opengl\bin-int\debug-windows-x86_64\orbitercore\test.obj
c:\users\ryhan khan\downloads\github\opengl-engine\opengl\bin-int\debug-windows-x86_64\orbitercore\renderer.obj
c:\users\ryhan khan\downloads\github\opengl-engine\opengl\bin-int\debug-windows-x86_64\orbitercore\animationplayer.obj
c:\users\ryhan khan\downloads\github\opengl-engine\opengl\bin-int\debug-windows-x86_64\orbitercore\animationframe.obj
c:\users\ryhan khan\downloads\github\opengl-engine\opengl\bin-int\debug-windows-x86_64\orbitercore\animation.obj
c:\users\ryhan khan\downloads\github\opengl-engine\opengl\bin-int\debug-windows-x86_64\orbitercore\audiolistener.obj
c:\users\ryhan khan\downloads\github\opengl-engine\opengl\bin-int\debug-windows-x86_64\orbitercore\audiocontext.obj
c:\users\ryhan khan\downloads\github\opengl-engine\opengl\bin-int\debug-windows-x86_64\orbitercore\emitterstate.obj
c:\users\ryhan khan\downloads\github\opengl-engine\opengl\bin-int\debug-windows-x86_64\orbitercore\emitter.obj
c:\users\ryhan khan\downloads\github\opengl-engine\opengl\bin-int\debug-windows-x86_64\orbitercore\emitfromevents.obj
c:\users\ryhan khan\downloads\github\opengl-engine\opengl\bin-int\debug-windows-x86_64\orbitercore\emit.obj
c:\users\ryhan khan\downloads\github\opengl-engine\opengl\bin-int\debug-windows-x86_64\orbitercore\directives.obj
c:\users\ryhan khan\downloads\github\opengl-engine\opengl\bin-int\debug-windows-x86_64\orbitercore\depthguard.obj
c:\users\ryhan khan\downloads\github\opengl-engine\opengl\bin-int\debug-windows-x86_64\orbitercore\convert.obj
c:\users\ryhan khan\downloads\github\opengl-engine\opengl\bin-int\debug-windows-x86_64\orbitercore\graphbuilderadapter.obj
c:\users\ryhan khan\downloads\github\opengl-engine\opengl\bin-int\debug-windows-x86_64\orbitercore\graphbuilder.obj
c:\users\ryhan khan\downloads\github\opengl-engine\opengl\bin-int\debug-windows-x86_64\orbitercore\binary.obj
c:\users\ryhan khan\downloads\github\opengl-engine\opengl\bin-int\debug-windows-x86_64\orbitercore\singledocparser.obj
c:\users\ryhan khan\downloads\github\opengl-engine\opengl\bin-int\debug-windows-x86_64\orbitercore\simplekey.obj
c:\users\ryhan khan\downloads\github\opengl-engine\opengl\bin-int\debug-windows-x86_64\orbitercore\scantoken.obj
c:\users\ryhan khan\downloads\github\opengl-engine\opengl\bin-int\debug-windows-x86_64\orbitercore\scantag.obj
c:\users\ryhan khan\downloads\github\opengl-engine\opengl\bin-int\debug-windows-x86_64\orbitercore\scanscalar.obj
c:\users\ryhan khan\downloads\github\opengl-engine\opengl\bin-int\debug-windows-x86_64\orbitercore\scanner.obj
c:\users\ryhan khan\downloads\github\opengl-engine\opengl\bin-int\debug-windows-x86_64\orbitercore\regex_yaml.obj
c:\users\ryhan khan\downloads\github\opengl-engine\opengl\bin-int\debug-windows-x86_64\orbitercore\parser.obj
c:\users\ryhan khan\downloads\github\opengl-engine\opengl\bin-int\debug-windows-x86_64\orbitercore\parse.obj
c:\users\ryhan khan\downloads\github\opengl-engine\opengl\bin-int\debug-windows-x86_64\orbitercore\ostream_wrapper.obj
c:\users\ryhan khan\downloads\github\opengl-engine\opengl\bin-int\debug-windows-x86_64\orbitercore\nodeevents.obj
c:\users\ryhan khan\downloads\github\opengl-engine\opengl\bin-int\debug-windows-x86_64\orbitercore\nodebuilder.obj
c:\users\ryhan khan\downloads\github\opengl-engine\opengl\bin-int\debug-windows-x86_64\orbitercore\node.obj
c:\users\ryhan khan\downloads\github\opengl-engine\opengl\bin-int\debug-windows-x86_64\orbitercore\memory.obj
c:\users\ryhan khan\downloads\github\opengl-engine\opengl\bin-int\debug-windows-x86_64\orbitercore\fptostring.obj
c:\users\ryhan khan\downloads\github\opengl-engine\opengl\bin-int\debug-windows-x86_64\orbitercore\exp.obj
c:\users\ryhan khan\downloads\github\opengl-engine\opengl\bin-int\debug-windows-x86_64\orbitercore\exceptions.obj
c:\users\ryhan khan\downloads\github\opengl-engine\opengl\bin-int\debug-windows-x86_64\orbitercore\emitterutils.obj
c:\users\ryhan khan\downloads\github\opengl-engine\opengl\bin-int\debug-windows-x86_64\orbitercore\action.obj
c:\users\ryhan khan\downloads\github\opengl-engine\opengl\bin-int\debug-windows-x86_64\orbitercore\tag.obj
c:\users\ryhan khan\downloads\github\opengl-engine\opengl\bin-int\debug-windows-x86_64\orbitercore\stream.obj
c:\users\ryhan khan\downloads\github\opengl-engine\opengl\bin-int\debug-windows-x86_64\orbitercore\vector.obj
c:\users\ryhan khan\downloads\github\opengl-engine\opengl\bin-int\debug-windows-x86_64\orbitercore\tinyfiledialogs.obj
c:\users\ryhan khan\downloads\github\opengl-engine\opengl\bin-int\debug-windows-x86_64\orbitercore\tinyfd_moredialogs.obj
c:\users\ryhan khan\downloads\github\opengl-engine\opengl\bin-int\debug-windows-x86_64\orbitercore\hello_wchar_t.obj
c:\users\ryhan khan\downloads\github\opengl-engine\opengl\bin-int\debug-windows-x86_64\orbitercore\hello.obj
c:\users\ryhan khan\downloads\github\opengl-engine\opengl\bin\debug-windows-x86_64\orbitercore\orbitercore.lib
c:\users\ryhan khan\downloads\github\opengl-engine\opengl\bin\debug-windows-x86_64\orbitercore\orbitercore.dll
c:\users\ryhan khan\downloads\github\opengl-engine\opengl\bin-int\debug-windows-x86_64\orbitercore\orbitercore.ilk
c:\users\ryhan khan\downloads\github\opengl-engine\opengl\bin-int\debug-windows-x86_64\orbitercore\editor.obj
c:\users\ryhan khan\downloads\github\opengl-engine\opengl\bin-int\debug-windows-x86_64\orbitercore\editorui.obj
c:\users\ryhan khan\downloads\github\opengl-engine\opengl\bin-int\debug-windows-x86_64\orbitercore\nfd_win.obj
c:\users\ryhan khan\downloads\github\opengl-engine\opengl\bin-int\debug-windows-x86_64\orbitercore\orbitercore.tlog\cl.command.1.tlog
c:\users\ryhan khan\downloads\github\opengl-engine\opengl\bin-int\debug-windows-x86_64\orbitercore\orbitercore.tlog\cl.items.tlog
c:\users\ryhan khan\downloads\github\opengl-engine\opengl\bin-int\debug-windows-x86_64\orbitercore\orbitercore.tlog\cl.read.1.tlog
c:\users\ryhan khan\downloads\github\opengl-engine\opengl\bin-int\debug-windows-x86_64\orbitercore\orbitercore.tlog\cl.write.1.tlog
c:\users\ryhan khan\downloads\github\opengl-engine\opengl\bin-int\debug-windows-x86_64\orbitercore\orbitercore.tlog\lib-link.read.1.tlog
c:\users\ryhan khan\downloads\github\opengl-engine\opengl\bin-int\debug-windows-x86_64\orbitercore\orbitercore.tlog\lib-link.write.1.tlog
c:\users\ryhan khan\downloads\github\opengl-engine\opengl\bin-int\debug-windows-x86_64\orbitercore\orbitercore.tlog\lib.command.1.tlog
c:\users\ryhan khan\downloads\github\opengl-engine\opengl\bin-int\debug-windows-x86_64\orbitercore\orbitercore.tlog\link.command.1.tlog
c:\users\ryhan khan\downloads\github\opengl-engine\opengl\bin-int\debug-windows-x86_64\orbitercore\orbitercore.tlog\link.read.1.tlog
c:\users\ryhan khan\downloads\github\opengl-engine\opengl\bin-int\debug-windows-x86_64\orbitercore\orbitercore.tlog\link.secondary.1.tlog
c:\users\ryhan khan\downloads\github\opengl-engine\opengl\bin-int\debug-windows-x86_64\orbitercore\orbitercore.tlog\link.write.1.tlog
