cl : command line  warning D9025: overriding '/MTd' with '/MDd'
  AudioBuffer.cpp
  AudioListener.cpp
  AudioSource.cpp
  Action.cpp
  Animation.cpp
C:\Users\Ryhan Khan\Downloads\GitHub\OpenGL-Engine\OpenGL\OpenGL\Scripts\Core\Animation.cpp(6,20): warning C4018: '<': signed/unsigned mismatch
  AnimationFrame.cpp
  AnimationPlayer.cpp
  Application.cpp
C:\Users\Ryhan Khan\Downloads\GitHub\OpenGL-Engine\OpenGL\OpenGL\Scripts\Core\Application.cpp(277,43): warning C4018: '<': signed/unsigned mismatch
C:\Users\Ryhan Khan\Downloads\GitHub\OpenGL-Engine\OpenGL\OpenGL\Scripts\Core\Application.cpp(286,47): warning C4018: '<': signed/unsigned mismatch
C:\Users\Ryhan Khan\Downloads\GitHub\OpenGL-Engine\OpenGL\OpenGL\Scripts\Core\Application.cpp(422,23): warning C4018: '<': signed/unsigned mismatch
C:\Users\Ryhan Khan\Downloads\GitHub\OpenGL-Engine\OpenGL\OpenGL\Scripts\Core\Application.cpp(424,27): warning C4018: '<': signed/unsigned mismatch
  Character.cpp
  Input.cpp
C:\Users\Ryhan Khan\Downloads\GitHub\OpenGL-Engine\OpenGL\OpenGL\Scripts\Core\Input.cpp(23,20): warning C4018: '<': signed/unsigned mismatch
  Renderer.cpp
C:\Users\Ryhan Khan\Downloads\GitHub\OpenGL-Engine\OpenGL\OpenGL\Scripts\Core\Renderer.cpp(102,20): warning C4018: '<': signed/unsigned mismatch
C:\Users\Ryhan Khan\Downloads\GitHub\OpenGL-Engine\OpenGL\OpenGL\Scripts\Core\Renderer.cpp(123,20): warning C4018: '<': signed/unsigned mismatch
C:\Users\Ryhan Khan\Downloads\GitHub\OpenGL-Engine\OpenGL\OpenGL\Scripts\Core\Renderer.cpp(148,20): warning C4018: '<': signed/unsigned mismatch
C:\Users\Ryhan Khan\Downloads\GitHub\OpenGL-Engine\OpenGL\OpenGL\Scripts\Core\Renderer.cpp(157,26): warning C4244: 'argument': conversion from 'int' to 'float', possible loss of data
C:\Users\Ryhan Khan\Downloads\GitHub\OpenGL-Engine\OpenGL\OpenGL\Scripts\Core\Renderer.cpp(219,20): warning C4018: '<': signed/unsigned mismatch
  FrameBuffer.cpp
C:\Users\Ryhan Khan\Downloads\GitHub\OpenGL-Engine\OpenGL\OpenGL\Scripts\Rendering\FrameBuffer.cpp(72,16): warning C4244: '=': conversion from 'T' to 'int', possible loss of data
C:\Users\Ryhan Khan\Downloads\GitHub\OpenGL-Engine\OpenGL\OpenGL\Scripts\Rendering\FrameBuffer.cpp(72,16): warning C4244:         with
C:\Users\Ryhan Khan\Downloads\GitHub\OpenGL-Engine\OpenGL\OpenGL\Scripts\Rendering\FrameBuffer.cpp(72,16): warning C4244:         [
C:\Users\Ryhan Khan\Downloads\GitHub\OpenGL-Engine\OpenGL\OpenGL\Scripts\Rendering\FrameBuffer.cpp(72,16): warning C4244:             T=float
C:\Users\Ryhan Khan\Downloads\GitHub\OpenGL-Engine\OpenGL\OpenGL\Scripts\Rendering\FrameBuffer.cpp(72,16): warning C4244:         ]
C:\Users\Ryhan Khan\Downloads\GitHub\OpenGL-Engine\OpenGL\OpenGL\Scripts\Rendering\FrameBuffer.cpp(73,17): warning C4244: '=': conversion from 'T' to 'int', possible loss of data
C:\Users\Ryhan Khan\Downloads\GitHub\OpenGL-Engine\OpenGL\OpenGL\Scripts\Rendering\FrameBuffer.cpp(73,17): warning C4244:         with
C:\Users\Ryhan Khan\Downloads\GitHub\OpenGL-Engine\OpenGL\OpenGL\Scripts\Rendering\FrameBuffer.cpp(73,17): warning C4244:         [
C:\Users\Ryhan Khan\Downloads\GitHub\OpenGL-Engine\OpenGL\OpenGL\Scripts\Rendering\FrameBuffer.cpp(73,17): warning C4244:             T=float
C:\Users\Ryhan Khan\Downloads\GitHub\OpenGL-Engine\OpenGL\OpenGL\Scripts\Rendering\FrameBuffer.cpp(73,17): warning C4244:         ]
  IndexBuffer.cpp
  Shader.cpp
  Texture.cpp
  VertexArray.cpp
  VertexBuffer.cpp
  Source.cpp
  Test.cpp
  TestClearColour.cpp
  Generating Code...
C:\Users\Ryhan Khan\Downloads\GitHub\OpenGL-Engine\OpenGL\OpenGL\Scripts\Core\Animation.cpp(24,1): warning C4715: 'Animation::Start': not all control paths return a value
  Compiling...
  TestTexture2D.cpp
C:\Users\Ryhan Khan\Downloads\GitHub\OpenGL-Engine\OpenGL\OpenGL\Scripts\Tests\TestTexture2D.cpp(36,64): warning C4244: '=': conversion from 'int' to 'T', possible loss of data
C:\Users\Ryhan Khan\Downloads\GitHub\OpenGL-Engine\OpenGL\OpenGL\Scripts\Tests\TestTexture2D.cpp(36,64): warning C4244:         with
C:\Users\Ryhan Khan\Downloads\GitHub\OpenGL-Engine\OpenGL\OpenGL\Scripts\Tests\TestTexture2D.cpp(36,64): warning C4244:         [
C:\Users\Ryhan Khan\Downloads\GitHub\OpenGL-Engine\OpenGL\OpenGL\Scripts\Tests\TestTexture2D.cpp(36,64): warning C4244:             T=float
C:\Users\Ryhan Khan\Downloads\GitHub\OpenGL-Engine\OpenGL\OpenGL\Scripts\Tests\TestTexture2D.cpp(36,64): warning C4244:         ]
C:\Users\Ryhan Khan\Downloads\GitHub\OpenGL-Engine\OpenGL\OpenGL\Scripts\Tests\TestTexture2D.cpp(37,61): warning C4244: '=': conversion from 'int' to 'T', possible loss of data
C:\Users\Ryhan Khan\Downloads\GitHub\OpenGL-Engine\OpenGL\OpenGL\Scripts\Tests\TestTexture2D.cpp(37,61): warning C4244:         with
C:\Users\Ryhan Khan\Downloads\GitHub\OpenGL-Engine\OpenGL\OpenGL\Scripts\Tests\TestTexture2D.cpp(37,61): warning C4244:         [
C:\Users\Ryhan Khan\Downloads\GitHub\OpenGL-Engine\OpenGL\OpenGL\Scripts\Tests\TestTexture2D.cpp(37,61): warning C4244:             T=float
C:\Users\Ryhan Khan\Downloads\GitHub\OpenGL-Engine\OpenGL\OpenGL\Scripts\Tests\TestTexture2D.cpp(37,61): warning C4244:         ]
C:\Users\Ryhan Khan\Downloads\GitHub\OpenGL-Engine\OpenGL\OpenGL\Scripts\Tests\TestTexture2D.cpp(39,67): warning C4244: '=': conversion from 'int' to 'T', possible loss of data
C:\Users\Ryhan Khan\Downloads\GitHub\OpenGL-Engine\OpenGL\OpenGL\Scripts\Tests\TestTexture2D.cpp(39,67): warning C4244:         with
C:\Users\Ryhan Khan\Downloads\GitHub\OpenGL-Engine\OpenGL\OpenGL\Scripts\Tests\TestTexture2D.cpp(39,67): warning C4244:         [
C:\Users\Ryhan Khan\Downloads\GitHub\OpenGL-Engine\OpenGL\OpenGL\Scripts\Tests\TestTexture2D.cpp(39,67): warning C4244:             T=float
C:\Users\Ryhan Khan\Downloads\GitHub\OpenGL-Engine\OpenGL\OpenGL\Scripts\Tests\TestTexture2D.cpp(39,67): warning C4244:         ]
C:\Users\Ryhan Khan\Downloads\GitHub\OpenGL-Engine\OpenGL\OpenGL\Scripts\Tests\TestTexture2D.cpp(40,64): warning C4244: '=': conversion from 'int' to 'T', possible loss of data
C:\Users\Ryhan Khan\Downloads\GitHub\OpenGL-Engine\OpenGL\OpenGL\Scripts\Tests\TestTexture2D.cpp(40,64): warning C4244:         with
C:\Users\Ryhan Khan\Downloads\GitHub\OpenGL-Engine\OpenGL\OpenGL\Scripts\Tests\TestTexture2D.cpp(40,64): warning C4244:         [
C:\Users\Ryhan Khan\Downloads\GitHub\OpenGL-Engine\OpenGL\OpenGL\Scripts\Tests\TestTexture2D.cpp(40,64): warning C4244:             T=float
C:\Users\Ryhan Khan\Downloads\GitHub\OpenGL-Engine\OpenGL\OpenGL\Scripts\Tests\TestTexture2D.cpp(40,64): warning C4244:         ]
C:\Users\Ryhan Khan\Downloads\GitHub\OpenGL-Engine\OpenGL\OpenGL\Scripts\Tests\TestTexture2D.cpp(42,63): warning C4244: '=': conversion from 'int' to 'float', possible loss of data
C:\Users\Ryhan Khan\Downloads\GitHub\OpenGL-Engine\OpenGL\OpenGL\Scripts\Tests\TestTexture2D.cpp(129,21): warning C4018: '<': signed/unsigned mismatch
  glm.cpp
  imgui.cpp
  imgui_demo.cpp
  imgui_draw.cpp
  imgui_impl_glfw.cpp
  imgui_impl_opengl3.cpp
  imgui_stdlib.cpp
  imgui_tables.cpp
  imgui_widgets.cpp
  STB_Image.cpp
  Generating Code...
LINK : warning LNK4098: defaultlib 'MSVCRT' conflicts with use of other libs; use /NODEFAULTLIB:library
LINK : warning LNK4098: defaultlib 'LIBCMTD' conflicts with use of other libs; use /NODEFAULTLIB:library
  OpenGL.vcxproj -> C:\Users\Ryhan Khan\Downloads\GitHub\OpenGL-Engine\OpenGL\bin\Debug-windows-x86\OpenGL\OpenGL.exe
