c:\users\ryhan khan\downloads\github\openglengine\opengl\opengl\debug\action.obj
c:\users\ryhan khan\downloads\github\openglengine\opengl\opengl\debug\application.obj
c:\users\ryhan khan\downloads\github\openglengine\opengl\opengl\debug\glm.obj
c:\users\ryhan khan\downloads\github\openglengine\opengl\opengl\debug\imgui.obj
c:\users\ryhan khan\downloads\github\openglengine\opengl\opengl\debug\imgui_demo.obj
c:\users\ryhan khan\downloads\github\openglengine\opengl\opengl\debug\imgui_draw.obj
c:\users\ryhan khan\downloads\github\openglengine\opengl\opengl\debug\imgui_impl_glfw.obj
c:\users\ryhan khan\downloads\github\openglengine\opengl\opengl\debug\imgui_impl_opengl3.obj
c:\users\ryhan khan\downloads\github\openglengine\opengl\opengl\debug\imgui_tables.obj
c:\users\ryhan khan\downloads\github\openglengine\opengl\opengl\debug\imgui_widgets.obj
c:\users\ryhan khan\downloads\github\openglengine\opengl\opengl\debug\indexbuffer.obj
c:\users\ryhan khan\downloads\github\openglengine\opengl\opengl\debug\renderer.obj
c:\users\ryhan khan\downloads\github\openglengine\opengl\opengl\debug\shader.obj
c:\users\ryhan khan\downloads\github\openglengine\opengl\opengl\debug\source.obj
c:\users\ryhan khan\downloads\github\openglengine\opengl\opengl\debug\stb_image.obj
c:\users\ryhan khan\downloads\github\openglengine\opengl\opengl\debug\test.obj
c:\users\ryhan khan\downloads\github\openglengine\opengl\opengl\debug\testclearcolour.obj
c:\users\ryhan khan\downloads\github\openglengine\opengl\opengl\debug\testtexture2d.obj
c:\users\ryhan khan\downloads\github\openglengine\opengl\opengl\debug\texture.obj
c:\users\ryhan khan\downloads\github\openglengine\opengl\opengl\debug\vertexarray.obj
c:\users\ryhan khan\downloads\github\openglengine\opengl\opengl\debug\vertexbuffer.obj
c:\users\ryhan khan\downloads\github\openglengine\opengl\opengl\debug\vc143.idb
c:\users\ryhan khan\downloads\github\openglengine\opengl\opengl\debug\vc143.pdb
c:\users\ryhan khan\downloads\github\openglengine\opengl\opengl\debug\opengl.tlog\cl.command.1.tlog
