cl : command line  warning D9025: overriding '/MTd' with '/MDd'
  Editor.cpp
C:\Users\Ryhan Khan\Downloads\GitHub\OpenGL-Engine\OpenGL\OrbiterEditor\src\Editor.cpp(133,73): warning C4244: '=': conversion from 'int' to 'float', possible loss of data
C:\Users\Ryhan Khan\Downloads\GitHub\OpenGL-Engine\OpenGL\OrbiterEditor\src\Editor.cpp(145,91): warning C4244: 'argument': conversion from 'double' to 'float', possible loss of data
C:\Users\Ryhan Khan\Downloads\GitHub\OpenGL-Engine\OpenGL\OrbiterEditor\src\Editor.cpp(318,18): warning C4312: 'type cast': conversion from 'unsigned int' to 'void *' of greater size
C:\Users\Ryhan Khan\Downloads\GitHub\OpenGL-Engine\OpenGL\OrbiterEditor\src\Editor.cpp(527,30): warning C4312: 'type cast': conversion from 'unsigned int' to 'void *' of greater size
C:\Users\Ryhan Khan\Downloads\GitHub\OpenGL-Engine\OpenGL\OrbiterEditor\src\Editor.cpp(680,26): warning C4312: 'type cast': conversion from 'unsigned int' to 'void *' of greater size
C:\Users\Ryhan Khan\Downloads\GitHub\OpenGL-Engine\OpenGL\OrbiterEditor\src\Editor.cpp(806,67): warning C4305: 'argument': truncation from 'double' to 'float'
C:\Users\Ryhan Khan\Downloads\GitHub\OpenGL-Engine\OpenGL\OrbiterEditor\src\Editor.cpp(806,60): warning C4305: 'argument': truncation from 'double' to 'float'
C:\Users\Ryhan Khan\Downloads\GitHub\OpenGL-Engine\OpenGL\OrbiterEditor\src\Editor.cpp(806,53): warning C4305: 'argument': truncation from 'double' to 'float'
C:\Users\Ryhan Khan\Downloads\GitHub\OpenGL-Engine\OpenGL\OrbiterEditor\src\Editor.cpp(865,52): warning C4244: 'initializing': conversion from 'GLuint64' to 'unsigned int', possible loss of data
C:\Users\Ryhan Khan\Downloads\GitHub\OpenGL-Engine\OpenGL\OrbiterEditor\src\Editor.cpp(866,44): warning C4267: 'initializing': conversion from 'size_t' to 'int', possible loss of data
C:\Users\Ryhan Khan\Downloads\GitHub\OpenGL-Engine\OpenGL\OrbiterEditor\src\Editor.cpp(872,45): warning C4244: '=': conversion from 'GLuint64' to 'unsigned int', possible loss of data
C:\Users\Ryhan Khan\Downloads\GitHub\OpenGL-Engine\OpenGL\OrbiterEditor\src\Editor.cpp(876,45): warning C4244: '=': conversion from 'GLuint64' to 'unsigned int', possible loss of data
C:\Users\Ryhan Khan\Downloads\GitHub\OpenGL-Engine\OpenGL\OrbiterEditor\src\Editor.cpp(880,45): warning C4244: '=': conversion from 'GLuint64' to 'unsigned int', possible loss of data
C:\Users\Ryhan Khan\Downloads\GitHub\OpenGL-Engine\OpenGL\OrbiterEditor\src\Editor.cpp(884,45): warning C4244: '=': conversion from 'GLuint64' to 'unsigned int', possible loss of data
C:\Users\Ryhan Khan\Downloads\GitHub\OpenGL-Engine\OpenGL\OrbiterEditor\src\Editor.cpp(887,48): warning C4312: 'type cast': conversion from 'unsigned int' to 'void *' of greater size
C:\Users\Ryhan Khan\Downloads\GitHub\OpenGL-Engine\OpenGL\OrbiterEditor\src\Editor.cpp(1200,84): warning C4305: 'argument': truncation from 'double' to 'float'
C:\Program Files\Microsoft Visual Studio\2022\Community\VC\Tools\MSVC\14.41.34120\include\memory(3597,56): warning C4267: 'argument': conversion from 'size_t' to 'unsigned int', possible loss of data
  (compiling source file 'src/Editor.cpp')
      C:\Program Files\Microsoft Visual Studio\2022\Community\VC\Tools\MSVC\14.41.34120\include\memory(3597,56):
      the template instantiation context (the oldest one first) is
          C:\Users\Ryhan Khan\Downloads\GitHub\OpenGL-Engine\OpenGL\OrbiterEditor\src\Editor.cpp(68,26):
          see reference to function template instantiation 'std::unique_ptr<VertexBuffer,std::default_delete<VertexBuffer>> std::make_unique<VertexBuffer,size_t,0>(size_t &&)' being compiled
  
  Source.cpp
  Generating Code...
  OrbiterEditor.vcxproj -> C:\Users\Ryhan Khan\Downloads\GitHub\OpenGL-Engine\OpenGL\bin\Debug-windows-x86_64\OrbiterEditor\OrbiterEditor.exe
