cl : command line  warning D9025: overriding '/MT' with '/MD'
  AudioBuffer.cpp
  AudioListener.cpp
  AudioSource.cpp
  Action.cpp
  Animation.cpp
  AnimationFrame.cpp
  AnimationPlayer.cpp
  Application.cpp
C:\Users\Ryhan Khan\Downloads\GitHub\OpenGL-Engine\OpenGL\OpenGL\Scripts\Core\Application.cpp(359,18): warning C4312: 'type cast': conversion from 'unsigned int' to 'void *' of greater size
  Character.cpp
  Input.cpp
  Renderer.cpp
C:\Users\Ryhan Khan\Downloads\GitHub\OpenGL-Engine\OpenGL\OpenGL\Scripts\Core\Renderer.cpp(157,26): warning C4244: 'argument': conversion from 'int' to 'float', possible loss of data
C:\Users\Ryhan Khan\Downloads\GitHub\OpenGL-Engine\OpenGL\OpenGL\Scripts\Core\Renderer.cpp(164,37): warning C4267: 'argument': conversion from 'size_t' to 'unsigned int', possible loss of data
C:\Users\Ryhan Khan\Downloads\GitHub\OpenGL-Engine\OpenGL\OpenGL\Scripts\Core\Renderer.cpp(219,20): warning C4018: '<': signed/unsigned mismatch
C:\Program Files\Microsoft Visual Studio\2022\Community\VC\Tools\MSVC\14.40.33807\include\memory(3595,56): warning C4267: 'argument': conversion from 'size_t' to 'unsigned int', possible loss of data
  FrameBuffer.cpp
C:\Users\Ryhan Khan\Downloads\GitHub\OpenGL-Engine\OpenGL\OpenGL\Scripts\Rendering\FrameBuffer.cpp(72,16): warning C4244: '=': conversion from 'T' to 'int', possible loss of data
C:\Users\Ryhan Khan\Downloads\GitHub\OpenGL-Engine\OpenGL\OpenGL\Scripts\Rendering\FrameBuffer.cpp(72,16): warning C4244:         with
C:\Users\Ryhan Khan\Downloads\GitHub\OpenGL-Engine\OpenGL\OpenGL\Scripts\Rendering\FrameBuffer.cpp(72,16): warning C4244:         [
C:\Users\Ryhan Khan\Downloads\GitHub\OpenGL-Engine\OpenGL\OpenGL\Scripts\Rendering\FrameBuffer.cpp(72,16): warning C4244:             T=float
C:\Users\Ryhan Khan\Downloads\GitHub\OpenGL-Engine\OpenGL\OpenGL\Scripts\Rendering\FrameBuffer.cpp(72,16): warning C4244:         ]
C:\Users\Ryhan Khan\Downloads\GitHub\OpenGL-Engine\OpenGL\OpenGL\Scripts\Rendering\FrameBuffer.cpp(73,17): warning C4244: '=': conversion from 'T' to 'int', possible loss of data
C:\Users\Ryhan Khan\Downloads\GitHub\OpenGL-Engine\OpenGL\OpenGL\Scripts\Rendering\FrameBuffer.cpp(73,17): warning C4244:         with
C:\Users\Ryhan Khan\Downloads\GitHub\OpenGL-Engine\OpenGL\OpenGL\Scripts\Rendering\FrameBuffer.cpp(73,17): warning C4244:         [
C:\Users\Ryhan Khan\Downloads\GitHub\OpenGL-Engine\OpenGL\OpenGL\Scripts\Rendering\FrameBuffer.cpp(73,17): warning C4244:             T=float
C:\Users\Ryhan Khan\Downloads\GitHub\OpenGL-Engine\OpenGL\OpenGL\Scripts\Rendering\FrameBuffer.cpp(73,17): warning C4244:         ]
  IndexBuffer.cpp
  Shader.cpp
  Texture.cpp
  VertexArray.cpp
C:\Users\Ryhan Khan\Downloads\GitHub\OpenGL-Engine\OpenGL\OpenGL\Scripts\Rendering\VertexArray.cpp(42,3): warning C4312: 'type cast': conversion from 'unsigned int' to 'const void *' of greater size
  VertexBuffer.cpp
  Source.cpp
  Test.cpp
  TestClearColour.cpp
  Generating Code...
C:\Users\Ryhan Khan\Downloads\GitHub\OpenGL-Engine\OpenGL\OpenGL\Scripts\Core\Animation.cpp(24,1): warning C4715: 'Animation::Start': not all control paths return a value
  Compiling...
  TestTexture2D.cpp
C:\Users\Ryhan Khan\Downloads\GitHub\OpenGL-Engine\OpenGL\OpenGL\Scripts\Tests\TestTexture2D.cpp(36,64): warning C4244: '=': conversion from 'int' to 'T', possible loss of data
C:\Users\Ryhan Khan\Downloads\GitHub\OpenGL-Engine\OpenGL\OpenGL\Scripts\Tests\TestTexture2D.cpp(36,64): warning C4244:         with
C:\Users\Ryhan Khan\Downloads\GitHub\OpenGL-Engine\OpenGL\OpenGL\Scripts\Tests\TestTexture2D.cpp(36,64): warning C4244:         [
C:\Users\Ryhan Khan\Downloads\GitHub\OpenGL-Engine\OpenGL\OpenGL\Scripts\Tests\TestTexture2D.cpp(36,64): warning C4244:             T=float
C:\Users\Ryhan Khan\Downloads\GitHub\OpenGL-Engine\OpenGL\OpenGL\Scripts\Tests\TestTexture2D.cpp(36,64): warning C4244:         ]
C:\Users\Ryhan Khan\Downloads\GitHub\OpenGL-Engine\OpenGL\OpenGL\Scripts\Tests\TestTexture2D.cpp(37,61): warning C4244: '=': conversion from 'int' to 'T', possible loss of data
C:\Users\Ryhan Khan\Downloads\GitHub\OpenGL-Engine\OpenGL\OpenGL\Scripts\Tests\TestTexture2D.cpp(37,61): warning C4244:         with
C:\Users\Ryhan Khan\Downloads\GitHub\OpenGL-Engine\OpenGL\OpenGL\Scripts\Tests\TestTexture2D.cpp(37,61): warning C4244:         [
C:\Users\Ryhan Khan\Downloads\GitHub\OpenGL-Engine\OpenGL\OpenGL\Scripts\Tests\TestTexture2D.cpp(37,61): warning C4244:             T=float
C:\Users\Ryhan Khan\Downloads\GitHub\OpenGL-Engine\OpenGL\OpenGL\Scripts\Tests\TestTexture2D.cpp(37,61): warning C4244:         ]
C:\Users\Ryhan Khan\Downloads\GitHub\OpenGL-Engine\OpenGL\OpenGL\Scripts\Tests\TestTexture2D.cpp(39,67): warning C4244: '=': conversion from 'int' to 'T', possible loss of data
C:\Users\Ryhan Khan\Downloads\GitHub\OpenGL-Engine\OpenGL\OpenGL\Scripts\Tests\TestTexture2D.cpp(39,67): warning C4244:         with
C:\Users\Ryhan Khan\Downloads\GitHub\OpenGL-Engine\OpenGL\OpenGL\Scripts\Tests\TestTexture2D.cpp(39,67): warning C4244:         [
C:\Users\Ryhan Khan\Downloads\GitHub\OpenGL-Engine\OpenGL\OpenGL\Scripts\Tests\TestTexture2D.cpp(39,67): warning C4244:             T=float
C:\Users\Ryhan Khan\Downloads\GitHub\OpenGL-Engine\OpenGL\OpenGL\Scripts\Tests\TestTexture2D.cpp(39,67): warning C4244:         ]
C:\Users\Ryhan Khan\Downloads\GitHub\OpenGL-Engine\OpenGL\OpenGL\Scripts\Tests\TestTexture2D.cpp(40,64): warning C4244: '=': conversion from 'int' to 'T', possible loss of data
C:\Users\Ryhan Khan\Downloads\GitHub\OpenGL-Engine\OpenGL\OpenGL\Scripts\Tests\TestTexture2D.cpp(40,64): warning C4244:         with
C:\Users\Ryhan Khan\Downloads\GitHub\OpenGL-Engine\OpenGL\OpenGL\Scripts\Tests\TestTexture2D.cpp(40,64): warning C4244:         [
C:\Users\Ryhan Khan\Downloads\GitHub\OpenGL-Engine\OpenGL\OpenGL\Scripts\Tests\TestTexture2D.cpp(40,64): warning C4244:             T=float
C:\Users\Ryhan Khan\Downloads\GitHub\OpenGL-Engine\OpenGL\OpenGL\Scripts\Tests\TestTexture2D.cpp(40,64): warning C4244:         ]
C:\Users\Ryhan Khan\Downloads\GitHub\OpenGL-Engine\OpenGL\OpenGL\Scripts\Tests\TestTexture2D.cpp(42,63): warning C4244: '=': conversion from 'int' to 'float', possible loss of data
C:\Users\Ryhan Khan\Downloads\GitHub\OpenGL-Engine\OpenGL\OpenGL\Scripts\Tests\TestTexture2D.cpp(92,18): warning C4312: 'type cast': conversion from 'unsigned int' to 'void *' of greater size
  glm.cpp
  imgui.cpp
  imgui_demo.cpp
  imgui_draw.cpp
  imgui_impl_glfw.cpp
  imgui_impl_opengl3.cpp
  imgui_stdlib.cpp
  imgui_tables.cpp
  imgui_widgets.cpp
  STB_Image.cpp
  Generating Code...
LINK : warning LNK4098: defaultlib 'LIBCMT' conflicts with use of other libs; use /NODEFAULTLIB:library
  OpenGL.vcxproj -> C:\Users\Ryhan Khan\Downloads\GitHub\OpenGL-Engine\OpenGL\bin\Release-windows-x86_64\OpenGL\OpenGL.exe
