cl : command line  warning D9025: overriding '/MTd' with '/MDd'
  TestTexture2D.cpp
C:\Users\Ryhan Khan\Downloads\GitHub\OpenGL-Engine\OpenGL\OpenGL\Scripts\Tests\TestTexture2D.cpp(36,64): warning C4244: '=': conversion from 'int' to 'T', possible loss of data
C:\Users\Ryhan Khan\Downloads\GitHub\OpenGL-Engine\OpenGL\OpenGL\Scripts\Tests\TestTexture2D.cpp(36,64): warning C4244:         with
C:\Users\Ryhan Khan\Downloads\GitHub\OpenGL-Engine\OpenGL\OpenGL\Scripts\Tests\TestTexture2D.cpp(36,64): warning C4244:         [
C:\Users\Ryhan Khan\Downloads\GitHub\OpenGL-Engine\OpenGL\OpenGL\Scripts\Tests\TestTexture2D.cpp(36,64): warning C4244:             T=float
C:\Users\Ryhan Khan\Downloads\GitHub\OpenGL-Engine\OpenGL\OpenGL\Scripts\Tests\TestTexture2D.cpp(36,64): warning C4244:         ]
C:\Users\Ryhan Khan\Downloads\GitHub\OpenGL-Engine\OpenGL\OpenGL\Scripts\Tests\TestTexture2D.cpp(37,61): warning C4244: '=': conversion from 'int' to 'T', possible loss of data
C:\Users\Ryhan Khan\Downloads\GitHub\OpenGL-Engine\OpenGL\OpenGL\Scripts\Tests\TestTexture2D.cpp(37,61): warning C4244:         with
C:\Users\Ryhan Khan\Downloads\GitHub\OpenGL-Engine\OpenGL\OpenGL\Scripts\Tests\TestTexture2D.cpp(37,61): warning C4244:         [
C:\Users\Ryhan Khan\Downloads\GitHub\OpenGL-Engine\OpenGL\OpenGL\Scripts\Tests\TestTexture2D.cpp(37,61): warning C4244:             T=float
C:\Users\Ryhan Khan\Downloads\GitHub\OpenGL-Engine\OpenGL\OpenGL\Scripts\Tests\TestTexture2D.cpp(37,61): warning C4244:         ]
C:\Users\Ryhan Khan\Downloads\GitHub\OpenGL-Engine\OpenGL\OpenGL\Scripts\Tests\TestTexture2D.cpp(39,67): warning C4244: '=': conversion from 'int' to 'T', possible loss of data
C:\Users\Ryhan Khan\Downloads\GitHub\OpenGL-Engine\OpenGL\OpenGL\Scripts\Tests\TestTexture2D.cpp(39,67): warning C4244:         with
C:\Users\Ryhan Khan\Downloads\GitHub\OpenGL-Engine\OpenGL\OpenGL\Scripts\Tests\TestTexture2D.cpp(39,67): warning C4244:         [
C:\Users\Ryhan Khan\Downloads\GitHub\OpenGL-Engine\OpenGL\OpenGL\Scripts\Tests\TestTexture2D.cpp(39,67): warning C4244:             T=float
C:\Users\Ryhan Khan\Downloads\GitHub\OpenGL-Engine\OpenGL\OpenGL\Scripts\Tests\TestTexture2D.cpp(39,67): warning C4244:         ]
C:\Users\Ryhan Khan\Downloads\GitHub\OpenGL-Engine\OpenGL\OpenGL\Scripts\Tests\TestTexture2D.cpp(40,64): warning C4244: '=': conversion from 'int' to 'T', possible loss of data
C:\Users\Ryhan Khan\Downloads\GitHub\OpenGL-Engine\OpenGL\OpenGL\Scripts\Tests\TestTexture2D.cpp(40,64): warning C4244:         with
C:\Users\Ryhan Khan\Downloads\GitHub\OpenGL-Engine\OpenGL\OpenGL\Scripts\Tests\TestTexture2D.cpp(40,64): warning C4244:         [
C:\Users\Ryhan Khan\Downloads\GitHub\OpenGL-Engine\OpenGL\OpenGL\Scripts\Tests\TestTexture2D.cpp(40,64): warning C4244:             T=float
C:\Users\Ryhan Khan\Downloads\GitHub\OpenGL-Engine\OpenGL\OpenGL\Scripts\Tests\TestTexture2D.cpp(40,64): warning C4244:         ]
C:\Users\Ryhan Khan\Downloads\GitHub\OpenGL-Engine\OpenGL\OpenGL\Scripts\Tests\TestTexture2D.cpp(42,63): warning C4244: '=': conversion from 'int' to 'float', possible loss of data
C:\Users\Ryhan Khan\Downloads\GitHub\OpenGL-Engine\OpenGL\OpenGL\Scripts\Tests\TestTexture2D.cpp(77,1): warning C4172: returning address of local variable or temporary: tempArr
C:\Users\Ryhan Khan\Downloads\GitHub\OpenGL-Engine\OpenGL\OpenGL\Scripts\Tests\test.h(27,1): warning C4172: returning address of local variable or temporary: tempArr
LINK : warning LNK4098: defaultlib 'MSVCRT' conflicts with use of other libs; use /NODEFAULTLIB:library
LINK : warning LNK4098: defaultlib 'LIBCMTD' conflicts with use of other libs; use /NODEFAULTLIB:library
  OpenGL.vcxproj -> C:\Users\Ryhan Khan\Downloads\GitHub\OpenGL-Engine\OpenGL\bin\Debug-windows-x86_64\OpenGL\OpenGL.exe
